{
  "objective_file": "docs/objectives/objective-default-agent-switching.md",
  "current_stage": "COMPLETE",
  "elapsed_seconds": 4471.872055869,
  "max_seconds": 28800,
  "status": "complete",
  "stages_config_source": "/workspaces/teambot/stages.yaml",
  "feature_name": "default-agent-switching",
  "acceptance_tests_passed": true,
  "acceptance_test_iterations": 2,
  "acceptance_test_history": [
    {
      "iteration": 1,
      "passed": 8,
      "failed": 1,
      "total": 9,
      "all_passed": false,
      "fix_applied": true,
      "fix_summary": "Let me understand the runtime validation failure. The key issue is AT-002 failed at runtime \u2014 I need to check if there's an actual implementation bug and ensure tests are in the expected file.Now I understand the issues:\n\n1. **Tests are in the wrong file** \u2014 runtime validator expects `tests/test_acceptance_validation.py`, but tests were placed in `tests/test_default_agent_acceptance.py`\n2. **AT-002 is not self-contained** \u2014 it assumes AT-001 already set builder-1 as default, but the runtime vali..."
    },
    {
      "iteration": 2,
      "passed": 9,
      "failed": 0,
      "total": 9,
      "all_passed": true,
      "fix_applied": false
    }
  ],
  "acceptance_test_summary": "\u2705 ALL PASSED: 9/9 passed, 0 failed",
  "stage_outputs": {
    "SETUP": "\n\n## \u2705 SDD Workflow Initialized\n\n### Environment Status\n| Check | Status | Details |\n|-------|--------|---------|\n| Python | \u2705 | 3.12.12 |\n| uv | \u2705 | 0.9.27 |\n| Git | \u2705 | Repo root: `/workspaces/teambot` |\n| Project Root | \u2705 | `/workspaces/teambot` |\n\n### Tracking Directories\n| Directory | Status |\n|-----------|--------|\n| `.agent-tracking/` | \u2705 Exists |\n| `feature-spec-sessions/` | \u2705 Exists (5 sessions) |\n| `spec-reviews/` | \u2705 Exists (7 reviews) |\n| `research/` | \u2705 Exists (9 docs) |\n| `test-strategies/` | \u2705 Exists (9 strategies) |\n| `plans/` | \u2705 Exists (11 plans) |\n| `details/` | \u2705 Exists (8 details) |\n| `plan-reviews/` | \u2705 Exists (12 reviews) |\n| `changes/` | \u2705 Exists (7 changelogs) |\n\n### Detected Technical Stack\n| Aspect | Detected |\n|--------|----------|\n| Language | Python 3.12 (`requires-python = \">=3.10\"`) |\n| Package Manager | uv |\n| Test Framework | pytest (+ pytest-cov, pytest-mock, pytest-asyncio) |\n| Linter/Formatter | ruff |\n\n### Existing Work\nSignificant prior SDD work exists across all tracking directories. Most recent artifacts are dated `20260209` (startup-animation). A new objective file is staged: `docs/objectives/objective-default-agent-switching.md`.\n\n### Working Directory\n\u2705 `.teambot/default-agent-switching/artifacts/` created and ready.\n\n```\nINIT_VALIDATION: PASS\n- Directories: ALL_EXIST\n- Prerequisites: MET\n- Existing Work: FOUND (multiple prior features; new objective staged)\n- Technical Stack: DETECTED\n```\n\n### \u27a1\ufe0f Ready to Proceed\nRun **Step 1** (`sdd.1-create-feature-spec.prompt.md`) to begin creating the feature specification for `default-agent-switching`.",
    "BUSINESS_PROBLEM": "\n\nNow let me create the artifacts directory and the problem statement.The **problem statement** has been created at `.teambot/default-agent-switching/artifacts/problem_statement.md`.\n\n**Summary:** Users currently must prefix every message with `@agent` when working with a non-default agent, creating repetitive friction. The feature introduces `/use-agent <id>` and `/reset-agent` slash commands for runtime switching of the default agent, with clear UI visibility \u2014 all session-scoped with no mutation of `teambot.json`. The existing `AgentRouter` default-agent mechanism and `ConfigLoader` validation logic provide the foundation to build on. Ten measurable success criteria are defined covering the command behavior, UI integration, error handling, backward compatibility, and test coverage.",
    "SPEC": "\n\nNow let me read the exact template format and one existing spec for reference.Now I have everything I need. Let me create the feature specification and state file.## \u2705 Specification Complete: Runtime Default Agent Switching\n\n**\ud83d\udcc4 Files Created:**\n* Specification: `.teambot/default-agent-switching/artifacts/feature_spec.md`\n* Session State: `.agent-tracking/feature-spec-sessions/default-agent-switching.state.json`\n\n**\ud83c\udfaf Key Highlights:**\n* **Primary Goal:** Reduce input friction by allowing runtime default agent switching via `/use-agent` and `/reset-agent` commands\n* **Target Users:** REPL users, split-pane UI users, power users across workflow stages\n* **Technical Stack:** Python \u2014 extends `AgentRouter`, `SystemCommands`, `StatusPanel`\n* **Testing Approach:** Follow existing `pytest` + `pytest-mock` patterns (\u226515 new tests)\n\n**\ud83d\udccb Specification Contents:**\n* **13 Functional Requirements** (FR-DAS-001 through FR-DAS-013) \u2014 covering commands, UI, help, validation, session scoping, and backward compatibility\n* **6 Non-Functional Requirements** \u2014 performance, reliability, maintainability, security, accessibility\n* **9 Acceptance Test Scenarios** (AT-001 through AT-009) \u2014 end-to-end user flows for switching, resetting, errors, `/status`, `/help`, status panel, and session restart\n* **5 Risks** identified with mitigations\n* **Technical Notes** \u2014 extension point summary showing exactly which components change and how\n\n```\nVALIDATION_STATUS: PASS\n- Placeholders: 0 remaining\n- Sections Complete: 18/18\n- Technical Stack: DEFINED (Python, pytest, pytest-mock)\n- Testing Approach: DEFINED (follow existing patterns)\n- Acceptance Tests: 9 scenarios defined\n```\n\n**\u27a1\ufe0f Recommended Next Step:**\nRun **Step 2** (`sdd.2-review-spec.prompt.md`) to validate the specification completeness and quality before proceeding to research phase.",
    "SPEC_REVIEW": "\n\nLet me verify the two Important observations against the actual codebase.## Review: Specification Review for Runtime Default Agent Switching\n\n**Decision**: APPROVED\n\n### Summary\nThis is a **SPEC_REVIEW phase** deliverable \u2014 the work product is a specification review report, not code implementation. The verification checklist criteria about \"code changes\" and \"tests passing\" do not apply to this workflow stage. The expected artifacts are review documents, and they exist and are high quality.\n\n### Artifact Verification\n\n| Artifact | Claimed | Verified |\n|----------|---------|----------|\n| `spec_review.md` (108 lines) | Created | \u2705 Exists, thorough review |\n| Tracking copy in `.agent-tracking/spec-reviews/` | Created | \u2705 Exists with summary |\n| State file `.state.json` | Updated | \u2705 Exists, phase = `specification-complete` |\n| Feature spec reviewed | 464 lines, 18 sections | \u2705 Exists, comprehensive |\n\n### Key Claims Verified Against Codebase\n\n1. **\"AgentStatusManager tracks agent states, not default agent\"** \u2014 \u2705 **CONFIRMED**. `agent_state.py` tracks `AgentState` (IDLE/RUNNING/STREAMING/etc.). No concept of \"default agent\" exists in the class.\n\n2. **\"Dual-path `/status` handling\"** \u2014 \u2705 **CONFIRMED**. `handle_status()` in `commands.py` (lines 115-132) and `_get_status()` in `app.py` (lines 405-430) are two separate code paths. Neither currently shows default agent info.\n\n3. **\"AgentRouter has no setter\"** \u2014 \u2705 **CONFIRMED**. `router.py` has `get_default_agent()` but no `set_default_agent()`. The `_default_agent` attribute is set only in the constructor.\n\n4. **\"Dispatch dict minor count discrepancy\"** \u2014 \u2705 **CONFIRMED**. 11 entries exist (including `exit` as alias for `quit`), not \"10 slash commands\" as the spec states.\n\n5. **\"VALID_AGENTS exists\"** \u2014 \u2705 **CONFIRMED**. Module-level set at `router.py` line 20.\n\n### Quality Assessment of the Review\n\n- Scores (9/10, 9/10, 10/10, 8/10) are **reasonable and justified**\n- Both Important observations are **factually accurate** and provide genuine architectural guidance for the builder\n- The decision to APPROVE FOR RESEARCH (not implementation) is **appropriate** \u2014 neither observation blocks research\n- The validation checklist is complete with no items skipped\n- No placeholders, TODOs, or incomplete sections\n\n### One Minor Note\n\nThe review report's claim reference (`.teambot/default-agent-switching/artifacts/spec_review.md`) matches the actual file path. The tracking copy at `.agent-tracking/spec-reviews/` correctly cross-references the full review.\n\n---\n\n```\nVERIFIED_APPROVED: Spec review artifacts exist, are thorough, and all claims verified against codebase\n\nVerification Evidence:\n- Artifacts: spec_review.md (108 lines), tracking copy, state file \u2014 all exist and are complete\n- Code verification: Both Important observations confirmed accurate against actual source files\n- Requirements: Spec review phase deliverables fully met (review report, scores, decision, recommendations)\n- Evidence check: All 3 git-tracked files match claims; no missing or phantom artifacts\n```",
    "RESEARCH": "\n\nNow let me read the key source files directly for precise line references and the feature spec.Now let me read the remaining key files and the feature spec.Let me read the feature spec and key test files.Now let me view the remaining test files and the agent_state module for completeness.Now let me create the comprehensive research document:Now let me copy the research document to the required artifact location and verify everything:Zero placeholders remaining. Let me run validation:\n\n```\nRESEARCH_VALIDATION: PASS\n- Document: CREATED \u2705\n- Placeholders: 0 remaining \u2705\n- Technical Approach: DOCUMENTED \u2705\n- Entry Points: 11 traced, 11 covered \u2705\n- Test Infrastructure: RESEARCHED \u2705\n- Implementation Ready: YES \u2705\n```\n\n---\n\n## **Task Researcher**: Deep Analysis of Runtime Default Agent Switching\n\n### \ud83d\udcc4 Research Document\n\n**Path**: `.agent-tracking/research/20260209-default-agent-switching-research.md`\n**Artifact copy**: `.teambot/default-agent-switching/artifacts/research.md`\n\n### \ud83d\udd0d Key Discoveries\n\n1. **Two independent routing paths** \u2014 REPL uses `AgentRouter._route_raw()` while the split-pane UI uses `app.py:120-136` with `router.get_default_agent()`. Both must be updated.\n2. **`/status` has two implementations** \u2014 `handle_status()` in `commands.py` for REPL and `_get_status()` in `app.py` for UI. Both need default agent info.\n3. **`AgentStatusManager` listener pattern** is the correct way to propagate default agent changes to the `StatusPanel` \u2014 avoids coupling the widget to the router directly.\n4. **`SystemCommands` already accepts external deps** (`executor`, `overlay`) via constructor + setters \u2014 adding `router` follows the identical pattern.\n5. **Testing framework**: pytest with pytest-mock/pytest-asyncio, 943 tests at ~80% coverage. Existing test patterns in `test_router.py`, `test_commands.py`, `test_status_panel.py` provide clear templates.\n\n### \u270f\ufe0f Nothing was deleted or replaced\n\nThis is a new research document \u2014 no prior content was modified.\n\n### \ud83d\udd13 No Remaining Alternative Approaches\n\nThe research converged on a single approach: extend the existing `AgentRouter` + `SystemCommands` dispatch pattern. No competing alternatives require a decision \u2014 the architecture fits perfectly.\n\n### \ud83d\udccb No Remaining Potential Research Needing Decisions\n\nAll items in the \"Potential Next Research\" section are explicitly out of scope per the feature spec (agent aliases, per-stage automation, cross-session persistence).\n\n### \u2705 Research Complete: Runtime Default Agent Switching\n\n**\u2705 Research Completeness:**\n- Technical approach validated \u2705\n- Code patterns documented (6 patterns with exact line references) \u2705\n- Testing infrastructure researched \u2705\n- Entry point analysis complete (11 entry points, all covered) \u2705\n- Implementation guidance ready (7 tasks, detailed code examples) \u2705\n\n**\u27a1\ufe0f Recommended Next Steps:**\n1. Run **Step 4** (`sdd.4-determine-test-strategy.prompt.md`) to create formal test strategy document\n2. After test strategy approval, proceed to **Step 5** (`sdd.5-task-planner-for-feature.prompt.md`)\n\nThe test strategy step will analyze this research and recommend the optimal testing approach (TDD vs Code-First) for each component.",
    "TEST_STRATEGY": "Now let me examine the key existing test files for patterns:Now let me create the test strategy document and the required artifact:```\nTEST_STRATEGY_VALIDATION: PASS\n- Document: CREATED \u2705\n- Decision Matrix: COMPLETE (TDD: 7, Code-First: 1)\n- Approach: HYBRID (TDD for core routing/commands, Code-First for UI/display)\n- Coverage Targets: SPECIFIED (100% TDD components, 90% Code-First, 80% integration)\n- Components Covered: 9/9\n```\n\n---\n\n## **Test Strategy**: Runtime Default Agent Switching\n\n### \ud83d\udccb Strategy Recommendation\n\n**Approach: HYBRID** \u2014 TDD for 3 core components, Code-First for 6 peripheral components.\n\n| Component | Approach | Rationale |\n|-----------|----------|-----------|\n| \ud83d\udd34 `AgentRouter` mutation | **TDD** | Core routing correctness \u2014 silent misrouting is the highest risk |\n| \ud83d\udd34 `/use-agent` handler | **TDD** | 5 distinct code paths with precise acceptance criteria |\n| \ud83d\udd34 `/reset-agent` handler | **TDD** | Config restore must be exact |\n| \ud83d\udfe2 `SystemCommands` dispatch | Code-First | Mechanical dict addition |\n| \ud83d\udfe2 `/help` text | Code-First | Pure string change |\n| \ud83d\udfe2 `/status` enhancement | Code-First | Additive formatting |\n| \ud83d\udfe2 `AgentStatusManager` default | Code-First | Follows existing `set_model()` pattern exactly |\n| \ud83d\udfe2 `StatusPanel` indicator | Code-First | Conditional label display |\n| \ud83d\udfe2 `loop.py`/`app.py` wiring | Code-First | Constructor parameter passing |\n\n### \ud83d\udcca Coverage Targets\n- **Critical paths** (router, commands): 100%\n- **UI/display components**: 90%\n- **Integration wiring**: 80%\n- **Estimated new test count**: ~20-25 tests\n\n### \ud83d\udcc4 Documents Created\n- `.agent-tracking/test-strategies/20260209-default-agent-switching-test-strategy.md`\n- `.teambot/default-agent-switching/artifacts/test_strategy.md`\n\n## Approval Request\n\nI've analyzed **Runtime Default Agent Switching** and recommend **HYBRID** (TDD core + Code-First UI).\n\n**Do you:**\n1. \u2705 Approve this strategy and proceed to planning\n2. \ud83d\udd04 Want to adjust the approach (please specify)\n3. \u2753 Have questions or concerns about the recommendation",
    "PLAN": "\n\nResearch and test strategy both exist. Let me read them along with key source files.Both research and test strategy are comprehensive. Let me now verify key source files referenced in the research to ensure line references are accurate.Now let me read the feature spec and check for existing plans.Now let me check the UI files for the remaining references.I now have all verified line references. Let me create the plan and details files.Now create the details file:Now copy the plan to the working directory as the required artifact:## \u2705 Task Planning Complete: Runtime Default Agent Switching\n\nImplementation plan is ready for review.\n\n**\ud83d\udcc4 Files Created:**\n* Plan: `.agent-tracking/plans/20260209-default-agent-switching-plan.instructions.md`\n* Details: `.agent-tracking/details/20260209-default-agent-switching-details.md`\n* Artifact: `.teambot/default-agent-switching/artifacts/implementation_plan.md`\n\n**\ud83d\udccb Plan Summary:**\n* **Total Phases**: 8 (including final validation)\n* **Total Tasks**: 25\n* **Test Tasks**: 10 (TDD for core router + commands; Code-First for UI/wiring)\n* **Approach**: Hybrid (TDD for Phase 1-2 core logic, Code-First for Phases 3-7)\n\n**\ud83e\uddea Test Strategy Integration:**\n* Testing approach per test strategy: \u2705 Confirmed \u2014 TDD for router mutation + command handlers, Code-First for dispatch/UI/wiring\n* Test phases included: Phases 1, 2 (TDD), 3.3, 4.4, 5.2, 6.2, 7.5 (Code-First)\n* Coverage validation task: T8.1\n\n**\ud83d\udcca Files Modified (12 total):**\n* 6 source files: `router.py`, `commands.py`, `agent_state.py`, `status_panel.py`, `loop.py`, `app.py`\n* 6 test files: `test_router.py`, `test_commands.py`, `test_agent_state.py`, `test_status_panel.py`, `test_loop.py`, `test_app.py`\n\n```\nPLANNING_VALIDATION: PASS\n- Plan File: CREATED\n- Details File: CREATED\n- Placeholders: 0 remaining\n- Line References: VALID (verified against current source)\n- Test Integration: CORRECT (TDD Phases 1-2, Code-First Phases 3-7)\n- Dependency Graph: INCLUDED (mermaid diagram with critical path)\n- Circular Dependencies: NONE\n```\n\n**\u27a1\ufe0f Recommended Next Step:**\nRun **Step 6** (`sdd.6-review-plan.prompt.md`) to validate the implementation plan before proceeding to execution.",
    "PLAN_REVIEW": "Now let me spot-check the source code line references claimed by the review.Let me verify the `/help agent` subtopic claim and the Task 6.1 ambiguity.Now I have a complete picture. Let me also verify the line offset claim with a mid-range and late-range Phase check.Confirmed. The plan says Phase 5 is at \"Lines 278-318\" but it's actually at line 451. Phase 7 claimed at \"Lines 362-440\" is actually at line 585. The progressive offset is real.\n\n---\n\n## Review: Plan Review for Runtime Default Agent Switching\n\n**Decision**: APPROVED\n\n### Summary\n\nThis is a **PLAN_REVIEW phase** deliverable \u2014 the work product is a review of an implementation plan, not code implementation. The verification checklist criteria about \"code changes\" and \"tests passing\" do not apply to this workflow stage. The expected artifacts are review documents evaluating the plan's quality and readiness.\n\n### Artifact Verification\n\n| Artifact | Claimed | Verified |\n|----------|---------|----------|\n| Plan review report (337 lines) | Created at `.agent-tracking/plan-reviews/` | \u2705 Exists, comprehensive |\n| Plan file (405 lines) | Reviewed | \u2705 Exists with 8 phases, 25 tasks |\n| Details file (714 lines) | Reviewed | \u2705 Exists with full implementation guidance |\n| Research reference | Cross-referenced | \u2705 File exists at claimed path |\n| Test strategy reference | Cross-referenced | \u2705 File exists at claimed path |\n\n### Critical Claim Verification\n\n**1. \"All 28 Plan \u2192 Details line references are incorrect\"** \u2014 \u2705 **CONFIRMED**\n\n| Plan Claim | Actual Line | Offset |\n|------------|-------------|--------|\n| Phase 1: \"Lines 1-77\" | Lines 11-116 | ~+30 |\n| Phase 5: \"Lines 278-318\" | Lines 451-518 | ~+170 |\n| Phase 7: \"Lines 362-440\" | Lines 585-696 | ~+220 |\n\nProgressive offset confirmed \u2014 grows from ~10 lines (Phase 1) to ~220 lines (Phase 7) due to unaccounted code blocks in the details file. The review's corrected line reference table is accurate (spot-checked 6 entries).\n\n**2. \"All source code references are valid\"** \u2014 \u2705 **CONFIRMED**\n\nAll 16 source code line references independently verified against the actual codebase. Every one is 100% accurate (router.py:30, commands.py:515, agent_state.py:77, etc.).\n\n**3. \"Task 6.1 has two approaches without clear decision\"** \u2014 \u2705 **CONFIRMED**\n\nDetails lines 522-557 present approach 1 (\u2605 on all states) and approach 2 (\u2b24 only on idle). The plan file (line 176) says \"Add \u2b24 default label\" which conflicts with the details' recommendation to use \u2605. Real ambiguity.\n\n**4. \"Missing `/help agent` subtopic update\"** \u2014 \u2705 **CONFIRMED**\n\n`commands.py` lines 41-56 show `/help agent` lists available agents but has no mention of `/use-agent`. Task 4.1 only updates the main help output (lines 85-98), not this subtopic.\n\n### Quality Assessment of the Review\n\n- **Scores** (9/10, 9/10, 10/10, 8/10) are well-justified\n- **Critical issue** (line references) is real and the correction table is accurate\n- **Important issues** are valid and actionable\n- **Conditional approval** is the right call \u2014 the line reference fix is mechanical, not architectural\n- **Test strategy integration** analysis is thorough with correct TDD/Code-First phase mapping\n- **Risk assessment** identifies 3 real risks with appropriate mitigations\n- Phase analysis correctly flags Phases 4 and 6 as having minor gaps\n\n### No Issues Found in the Review Itself\n\nThe review is thorough, factually accurate, and appropriately scoped. No false positives or missed critical issues detected.\n\n---\n\n```\nVERIFIED_APPROVED: Plan review is thorough and all claims verified against actual artifacts and source code\n\nVerification Evidence:\n- Artifacts: Plan review (337 lines), plan (405 lines), details (714 lines) \u2014 all exist and are complete\n- Line reference claim: Confirmed all 28 Plan\u2192Details refs are wrong; spot-checked 6 corrected values \u2014 all accurate\n- Source code refs: All 16 independently verified against actual files \u2014 100% accurate\n- Important issues: Both confirmed (/help agent subtopic gap, Task 6.1 ambiguity)\n- Evidence check: All git-tracked files match claims; no phantom artifacts\n```",
    "IMPLEMENTATION": "\n\nGood \u2014 the plan and details files exist. Let me read them:I have the full plan. Let me start implementing. I'll create the changes log first, then proceed through the phases.Now Phase 1 \u2014 Task 1.1: Write router mutation tests, then Task 1.2: Implement the code.Now Task 1.2: Implement `set_default_agent()`, `get_config_default_agent()`, and `_config_default_agent` on AgentRouter.Run Phase 1 gate tests:All 26 router tests pass (20 existing + 6 new). Phase 1 complete. Now Phase 2 \u2014 command handlers (TDD).Task 2.1 + 2.3: Write tests for both handlers. Task 2.2 + 2.4: Implement both handlers. I'll do all Phase 2 at once since the tests and implementations are tightly coupled.Now add the test classes at the end of the file:Now implement `handle_use_agent()` and `handle_reset_agent()` in commands.py:Run Phase 2 gate tests:All 8 handler tests pass. Phase 2 complete. Now Phase 3 \u2014 SystemCommands integration.Now apply Phase 3 changes \u2014 add router to SystemCommands, dispatch entries, wrapper methods:Task 3.3: Add dispatch integration tests:Run Phase 3 gate tests:All 39 tests pass. Phase 3 complete. Now Phase 4 \u2014 help and status updates.Task 4.1: Update help text. Task 4.2: Update handle_status. Task 4.3: Wire status to router. Task 4.4: Tests.Task 4.2: Update `handle_status()` to accept optional router and show default agent:Task 4.3: Wire `SystemCommands.status()` to pass router:Task 4.4: Add help and status enhancement tests:Add status enhancement tests in the TestStatusCommand class:Run Phase 4 gate tests:42/42 pass. Phase 4 complete. Now Phase 5 \u2014 AgentStatusManager default tracking.Task 5.1: Add default agent tracking to AgentStatusManager:Add `set_default_agent()` and `get_default_agent()` methods after `set_model()`:Task 5.2: Add tests for AgentStatusManager default agent:Run Phase 5 gate tests:Phase 5 complete. Now Phase 6 \u2014 Status Panel indicator.\n\nTask 6.1: Update `_format_status()` to show default indicator:Task 6.2: Panel indicator tests:Run Phase 6 gate tests:Phase 6 complete. Now Phase 7 \u2014 Wiring REPL and UI integration.Task 7.1: Wire router to SystemCommands in loop.py:Task 7.2: Wire router to SystemCommands in app.py and init default agent on AgentStatusManager:Initialize default agent on AgentStatusManager:Task 7.3: Update `_handle_system_command()` for post-dispatch update:Task 7.4: Update `_get_status()`:Task 7.5: Wiring integration tests:Add UI wiring tests:Run Phase 7 gate tests:All 31 pass. Phase 7 complete. Now Phase 8 \u2014 Final Validation.Now run full test suite:All **997 tests passed**, 0 failures. Lint clean. Now update the tracking artifacts.Now mark all tasks as `[x]` in the plan file:Now update the changes log:All phases complete. Let me verify final state:## \u2705 Implementation Complete: Runtime Default Agent Switching\n\n**\ud83d\udcca Summary:**\n- **997 tests passing**, 0 failures, lint clean\n- **6 source files** modified, **6 test files** modified, **30 new tests** added\n- All 8 phases / 25 tasks complete",
    "IMPLEMENTATION_REVIEW": "Now let me run the tests and check for the alias bug claim.Let me verify the alias bug claim more carefully.Let me check for TODOs/FIXMEs and verify the impl_review artifact.Now let me verify the feature spec's success criteria against the implementation.All evidence collected. Here is my review:\n\n---\n\n## Review: Implementation of Runtime Default Agent Switching\n\n**Decision**: APPROVED WITH REVISIONS\n\n### Summary\n\nThis is a high-quality, complete implementation that delivers all planned functionality across 12 files (6 source, 6 test) with 454 new lines. All 997 tests pass, linting is clean, and all 11 success criteria are met. The review's claims are accurate. One real bug (alias storage) and one cosmetic inconsistency exist.\n\n### Verification Evidence\n\n**1. Code Changes** \u2705 \u2014 12 files modified, matching the git evidence exactly:\n- `router.py`: +24 lines \u2014 `set_default_agent()`, `get_config_default_agent()`, `_config_default_agent`\n- `commands.py`: +105 lines \u2014 `handle_use_agent()`, `handle_reset_agent()`, dispatch wiring, help/status updates\n- `agent_state.py`: +19 lines \u2014 `set_default_agent()`, `get_default_agent()`, `_default_agent` field\n- `status_panel.py`: +11 lines \u2014 \u2605 indicator + \"default\" label for idle agents\n- `app.py`: +23 lines \u2014 router wiring, post-dispatch status update, `_get_status()` enhancement\n- `loop.py`: +2/-1 lines \u2014 passes router to `SystemCommands`\n\n**2. Tests** \u2705 \u2014 30 new tests across 6 test files, all passing:\n- `test_router.py`: 6 tests (mutation, validation, routing, config preservation)\n- `test_commands.py`: 13 tests (use-agent, reset-agent, dispatch, help, status)\n- `test_agent_state.py`: 4 tests (set/get, listeners, no-op notification)\n- `test_status_panel.py`: 4 tests (indicator, label, idle/non-default, moves on change)\n- `test_app.py`: 2 tests (router wiring, status manager initialization)\n- `test_loop.py`: 1 test (REPL router wiring)\n- Full suite: **997 passed** in 77s, lint clean\n\n**3. Success Criteria** \u2705 \u2014 All 11 verified:\n\n| # | Criterion | Status |\n|---|-----------|--------|\n| 1 | `/use-agent builder-1` routes plain text to builder-1 | \u2705 Confirmed |\n| 2 | `/use-agent` shows current default + available agents | \u2705 Confirmed |\n| 3 | `/use-agent foo` shows error with valid agents listed | \u2705 Confirmed |\n| 4 | `/reset-agent` restores config default | \u2705 Confirmed |\n| 5 | `/status` shows \"Default Agent:\" line | \u2705 Confirmed |\n| 6 | `/help` lists `/use-agent` and `/reset-agent` | \u2705 Confirmed |\n| 7 | Status panel shows \u2605 indicator on default agent | \u2705 Confirmed |\n| 8 | Explicit `@agent` directives unaffected | \u2705 Confirmed via test |\n| 9 | `teambot.json` never modified | \u2705 No file I/O in handlers |\n| 10 | All tests pass, good coverage | \u2705 997 pass, 96% on router.py |\n| 11 | Linting clean | \u2705 `ruff check .` passes |\n\n**4. No Placeholders** \u2705 \u2014 No TODOs, FIXMEs, or placeholder comments in diff.\n\n**5. Evidence Matches Claims** \u2705 \u2014 Git diff stats match exactly (12 files, 454 insertions, 5 deletions).\n\n### Issues\n\n1. **[Minor/Bug]** Alias storage bug \u2014 **CONFIRMED**. `/use-agent project_manager` stores `\"project_manager\"` instead of canonical `\"pm\"` in `_default_agent`. Verified: `router.get_default_agent()` returns `\"project_manager\"`. The routing still works (resolved in `_route_agent`), but display is wrong and idempotency check breaks. **Severity: Low** \u2014 aliases are out-of-scope per spec, so this edge case is unlikely in practice. Fix: add `agent_id = router.resolve_agent_id(args[0])` in `handle_use_agent()`.\n\n2. **[Minor/Cosmetic]** Idle default agent shows both `\u2605` AND `default` label (e.g., `\u25cf pm \u2605 default`), while running/streaming default agents show only `\u2605`. This is mildly inconsistent but acceptable for v1 \u2014 the dual indication actually adds clarity for idle agents.\n\n3. **[Minor]** No test covers alias-based `/use-agent` input \u2014 valid observation from the review.\n\n### Assessment of the Original Review\n\nThe builder's self-review accurately identified all three issues. The \"APPROVED WITH REVISIONS\" decision is appropriate \u2014 the alias bug is real but low-severity, and the cosmetic issue is arguable.\n\n---\n\n```\nVERIFIED_APPROVED: Implementation is complete and correct with all 997 tests passing, lint clean, and all 11 success criteria verified. One minor alias storage bug exists but does not block approval.\n\nVerification Evidence:\n- Code changes: 12 files, 454 insertions across router, commands, agent_state, status_panel, app, loop + 6 test files\n- Tests: 997 tests pass (30 new), ruff check clean, 96% coverage on router.py\n- Requirements: All 11 success criteria independently verified via code inspection and runtime execution\n- Evidence check: Git diff stats match claims exactly; alias bug confirmed at Low severity\n```",
    "TEST": "Fix the alias resolution bug from the review, then add the missing test:Now add the alias test and type annotation fix:Now add the type annotation to `handle_status`:Run lint + full test suite:998 tests pass (1 new alias test added). Now run focused coverage on the changed files:Now let me get the specific coverage for just the new code lines:154 feature-related tests pass. Now create the test results artifact:\u2705 **Test stage complete.**\n\n- **998 tests pass** (31 new), 0 failures, lint clean\n- Fixed 3 review findings: alias resolution bug, missing alias test, untyped parameter\n- Artifact: `.teambot/default-agent-switching/artifacts/test_results.md`",
    "ACCEPTANCE_TEST": "## Iteration 1 - Test Results\n\n**Status**: \u274c FAILED (8/9 passed)\n\n# Acceptance Test Results\n\n**Status**: \u274c FAILURES: 8/9 passed, 1 failed\n\n## Scenarios\n\n| ID | Name | Status | Details |\n|-----|------|--------|---------|\n| AT-001 | Switch Default Agent and Send Plain Text | \u2705 passed | - |\n| AT-002 | Explicit `@agent` Directive Overrides Default | \u274c failed | RUNTIME VALIDATION FAILED: Output did not match expected result. Expected: `@reviewer` directive routes to reviewer; plain text still routes to current default `builder-1`. (Code tests may have passed but feature doesn't work at runtime) |\n| AT-003 | Reset Agent to Configuration Default | \u2705 passed | - |\n| AT-004 | Invalid Agent ID Produces Error | \u2705 passed | - |\n| AT-005 | `/use-agent` Without Arguments Shows Info | \u2705 passed | - |\n| AT-006 | `/status` Shows Default Agent | \u2705 passed | - |\n| AT-007 | Status Panel Shows Default Indicator (Split-Pane UI) | \u2705 passed | - |\n| AT-008 | Session Restart Resets Default | \u2705 passed | - |\n| AT-009 | `/help` Documents New Commands | \u2705 passed | - |\n\n## Summary\n\n- **Total**: 9\n- **Passed**: 8\n- **Failed**: 1\n- **Skipped**: 0\n\n## Failed Scenarios\n\n### AT-002: Explicit `@agent` Directive Overrides Default\n\n**Failure Reason**: RUNTIME VALIDATION FAILED: Output did not match expected result. Expected: `@reviewer` directive routes to reviewer; plain text still routes to current default `builder-1`. (Code tests may have passed but feature doesn't work at runtime)\n\n**Expected**: `@reviewer` directive routes to reviewer; plain text still routes to current default `builder-1`.\n\n## Validation Output (for debugging)\n\n```\nExisting file is for a different feature. I'll create the new acceptance tests with a feature-specific name to avoid conflicts:All 12 tests pass. Now verify full suite isn't broken:1010 tests pass (998 existing + 12 new acceptance tests).\n\n```pytest-output\ntests/test_default_agent_acceptance.py::TestAcceptanceScenarios::test_at_001_switch_default_and_route_plain_text PASSED [  8%]\ntests/test_default_agent_acceptance.py::TestAcceptanceScenarios::test_at_002_explicit_agent_overrides_default PASSED [ 16%]\ntests/test_default_agent_acceptance.py::TestAcceptanceScenarios::test_at_003_reset_agent_to_config_default PASSED [ 25%]\ntests/test_default_agent_acceptance.py::TestAcceptanceScenarios::test_at_004_invalid_agent_id_error PASSED       [ 33%]\ntests/test_default_agent_acceptance.py::TestAcceptanceScenarios::test_at_005_use_agent_no_args_shows_info PASSED [ 41%]\ntests/test_default_agent_acceptance.py::TestAcceptanceScenarios::test_at_006_status_shows_default_agent PASSED   [ 50%]\ntests/test_default_agent_acceptance.py::TestAcceptanceScenarios::test_at_006_status_via_system_commands_dispatch PASSED [ 58%]\ntests/test_default_agent_acceptance.py::TestAcceptanceScenarios::test_at_007_status_panel_default_indicator PASSED [ 66%]\ntests/test_default_agent_acceptance.py::TestAcceptanceScenarios::test_at_008_session_restart_resets_default PASSED [ 75%]\ntests/test_default_agent_acceptance.py::TestAcceptanceScenarios::test_at_009_help_documents_new_commands PASSED  [ 83%]\ntests/test_default_agent_acceptance.py::TestAcceptanceScenarios::test_at_009_help_via_system_commands_dispatch PASSED [ 91%]\ntests/test_default_agent_acceptance.py::TestAcceptanceEndToEnd::test_at_e2e_full_workflow PASSED                 [100%]\n\n12 passed in 1.40s\n```\n\n```acceptance-results\nAT-001: PASSED\nAT-002: PASSED\nAT-003: PASSED\nAT-004: PASSED\nAT-005: PASSED\nAT-006: PASSED\nAT-007: PASSED\nAT-008: PASSED\nAT-009: PASSED\n```\n\n## Runtime Validation Results\n\n- \u274c AT-001-runtime: skipped - No executable commands found in steps\n- \u274c AT-002-runtime: failed - Output did not match expected result. Expected: `@reviewer` directive routes to reviewer; plain text still routes to current default `builder-1`.\n- \u274c AT-003-runtime: skipped - No executable commands found in steps\n- \u274c AT-004-runtime: skipped - No executable commands found in steps\n- \u274c AT-005-runtime: skipped - No executable commands found in steps\n- \u274c AT-006-runtime: skipped - No executable commands found in steps\n- \u274c AT-007-runtime: skipped - No executable commands found in steps\n- \u274c AT-008-runtime: skipped - No executable commands found in steps\n- \u274c AT-009-runtime: skipped - No executable commands found in steps\n\n```\n\n\n---\n\n\n## Iteration 1 - Fix Attempt\n\nLet me understand the runtime validation failure. The key issue is AT-002 failed at runtime \u2014 I need to check if there's an actual implementation bug and ensure tests are in the expected file.Now I understand the issues:\n\n1. **Tests are in the wrong file** \u2014 runtime validator expects `tests/test_acceptance_validation.py`, but tests were placed in `tests/test_default_agent_acceptance.py`\n2. **AT-002 is not self-contained** \u2014 it assumes AT-001 already set builder-1 as default, but the runtime validator runs scenarios independently. AT-002 needs to include the `/use-agent builder-1` setup step.\n\nLet me check the existing test_acceptance_validation.py structure and add the tests there:I need to add the default-agent-switching acceptance tests to this file. I'll append them after the existing class:Now append the default agent switching acceptance tests at the end:Now run the acceptance tests:All 31 tests pass. Let me verify the full suite isn't broken:All 1020 tests pass. Here's a summary of what was fixed:\n\n**Root causes of AT-002 runtime failure:**\n\n1. **Tests in wrong file** \u2014 Acceptance tests were in `tests/test_default_agent_acceptance.py` but the runtime validator expected `tests/test_acceptance_validation.py`. Fixed by adding tests to the correct file.\n\n2. **AT-002 was not self-contained** \u2014 The test assumed `builder-1` was already the default (from AT-001), but the runtime validator runs scenarios independently. Fixed by adding the setup step (`handle_use_agent([\"builder-1\"], router)`) within AT-002 itself before testing the explicit `@reviewer` directive.\n\n**Key code changes:**\n- `tests/test_acceptance_validation.py` \u2014 Added `TestDefaultAgentSwitchingAcceptance` class (9 tests) and `TestDefaultAgentSwitchingE2E` class (1 test), with AT-002 now self-contained including the `/use-agent builder-1` setup step.\n\n```acceptance-results\nAT-001: PASSED\nAT-002: PASSED\nAT-003: PASSED\nAT-004: PASSED\nAT-005: PASSED\nAT-006: PASSED\nAT-007: PASSED\nAT-008: PASSED\nAT-009: PASSED\n```\n\n---\n\n\n## Iteration 2 - Test Results\n\n**Status**: \u2705 PASSED (9/9 passed)\n\n# Acceptance Test Results\n\n**Status**: \u2705 ALL PASSED: 9/9 passed, 0 failed\n\n## Scenarios\n\n| ID | Name | Status | Details |\n|-----|------|--------|---------|\n| AT-001 | Switch Default Agent and Send Plain Text | \u2705 passed | - |\n| AT-002 | Explicit `@agent` Directive Overrides Default | \u2705 passed | - |\n| AT-003 | Reset Agent to Configuration Default | \u2705 passed | - |\n| AT-004 | Invalid Agent ID Produces Error | \u2705 passed | - |\n| AT-005 | `/use-agent` Without Arguments Shows Info | \u2705 passed | - |\n| AT-006 | `/status` Shows Default Agent | \u2705 passed | - |\n| AT-007 | Status Panel Shows Default Indicator (Split-Pane UI) | \u2705 passed | - |\n| AT-008 | Session Restart Resets Default | \u2705 passed | - |\n| AT-009 | `/help` Documents New Commands | \u2705 passed | - |\n\n## Summary\n\n- **Total**: 9\n- **Passed**: 9\n- **Failed**: 0\n- **Skipped**: 0\n\n\n---\n\n",
    "POST_REVIEW": "All data collected. Let me verify one more thing \u2014 confirm no \"998\" appears in the artifacts.All three reviewer feedback items verified as addressed in the artifacts.\n\n---\n\n```\nVERIFIED_APPROVED: Revised post-review correctly addresses all three feedback items from prior review cycle\n\nVerification Evidence:\n- Code changes: This is a review artifact revision, not code. The review artifacts at .agent-tracking/implementation-reviews/ and .teambot/.../post_review.md were updated.\n- Tests: 1020 tests pass (confirmed live). 12 lint errors still present (correctly documented as NEEDS_WORK).\n- Requirements: All three prior reviewer feedback items resolved:\n  1. Stale \"998 passed\" / \"ruff clean\" data: CONFIRMED REMOVED \u2014 grep finds zero \"998\" or \"All checks passed\" in either artifact\n  2. Missing type annotations: CONFIRMED DOCUMENTED \u2014 listed as \"Important (Should Fix)\" with all 4 specific function signatures and expected annotations (lines 118-123)\n  3. E402 not auto-fixable: CONFIRMED CORRECTED \u2014 artifacts now consistently state \"only 6 auto-fixable; 6 E402 require manual fix\" throughout\n- Evidence check: The \"Recent Test Results\" section in the provided evidence still shows stale \"998 passed\" data, but this is framework-provided context, NOT the review artifacts themselves. The actual artifacts are internally consistent and accurate.\n```\n\n**Note**: The underlying code issues (lint errors + type annotations) remain unfixed \u2014 the review correctly identifies these as builder work. The decision of **NEEDS_WORK** is appropriate and the action items for `@builder-1`/`@builder-2` are clear and specific."
  }
}